<?xml version="1.0" encoding="UTF-8"?>
<coverage generated="1781398712254" clover="3.2.0">
  <project timestamp="1781398712254" name="All files">
    <metrics statements="24" coveredstatements="24" conditionals="7" coveredconditionals="7" methods="1" coveredmethods="1" elements="32" coveredelements="32" complexity="0" loc="24" ncloc="24" packages="1" files="1" classes="1"/>
    <file name="validarCupom.ts" path="C:\Users\vitor2\Desktop\Engenharia de Software\algoritmos logica\tests-jest\src\utils\validarCupom.ts">
      <metrics statements="24" coveredstatements="24" conditionals="7" coveredconditionals="7" methods="1" coveredmethods="1"/>
      <line num="1" count="1" type="stmt"/>
      <line num="2" count="1" type="stmt"/>
      <line num="3" count="1" type="stmt"/>
      <line num="4" count="1" type="stmt"/>
      <line num="5" count="1" type="stmt"/>
      <line num="6" count="1" type="stmt"/>
      <line num="7" count="1" type="cond" truecount="1" falsecount="0"/>
      <line num="8" count="7" type="stmt"/>
      <line num="9" count="7" type="stmt"/>
      <line num="10" count="7" type="stmt"/>
      <line num="11" count="7" type="stmt"/>
      <line num="12" count="7" type="cond" truecount="1" falsecount="0"/>
      <line num="13" count="5" type="cond" truecount="1" falsecount="0"/>
      <line num="14" count="7" type="stmt"/>
      <line num="15" count="7" type="cond" truecount="1" falsecount="0"/>
      <line num="16" count="3" type="cond" truecount="1" falsecount="0"/>
      <line num="17" count="1" type="stmt"/>
      <line num="18" count="1" type="cond" truecount="1" falsecount="0"/>
      <line num="19" count="2" type="stmt"/>
      <line num="20" count="2" type="stmt"/>
      <line num="21" count="2" type="stmt"/>
      <line num="22" count="7" type="cond" truecount="1" falsecount="0"/>
      <line num="23" count="2" type="stmt"/>
      <line num="24" count="2" type="stmt"/>
    </file>
  </project>
</coverage>
