{"C:\\Users\\vitor2\\Desktop\\Engenharia de Software\\algoritmos logica\\tests-jest\\src\\utils\\validarCupom.ts": {"path":"C:\\Users\\vitor2\\Desktop\\Engenharia de Software\\algoritmos logica\\tests-jest\\src\\utils\\validarCupom.ts","all":false,"statementMap":{"0":{"start":{"line":1,"column":0},"end":{"line":1,"column":17}},"1":{"start":{"line":2,"column":0},"end":{"line":2,"column":16}},"2":{"start":{"line":3,"column":0},"end":{"line":3,"column":29}},"3":{"start":{"line":4,"column":0},"end":{"line":4,"column":21}},"4":{"start":{"line":5,"column":0},"end":{"line":5,"column":1}},"5":{"start":{"line":6,"column":0},"end":{"line":6,"column":0}},"6":{"start":{"line":7,"column":0},"end":{"line":7,"column":29}},"7":{"start":{"line":8,"column":0},"end":{"line":8,"column":24}},"8":{"start":{"line":9,"column":0},"end":{"line":9,"column":24}},"9":{"start":{"line":10,"column":0},"end":{"line":10,"column":28}},"10":{"start":{"line":11,"column":0},"end":{"line":11,"column":3}},"11":{"start":{"line":12,"column":0},"end":{"line":12,"column":72}},"12":{"start":{"line":13,"column":0},"end":{"line":13,"column":0}},"13":{"start":{"line":14,"column":0},"end":{"line":14,"column":75}},"14":{"start":{"line":15,"column":0},"end":{"line":15,"column":63}},"15":{"start":{"line":16,"column":0},"end":{"line":16,"column":40}},"16":{"start":{"line":17,"column":0},"end":{"line":17,"column":70}},"17":{"start":{"line":18,"column":0},"end":{"line":18,"column":7}},"18":{"start":{"line":19,"column":0},"end":{"line":19,"column":64}},"19":{"start":{"line":20,"column":0},"end":{"line":20,"column":37}},"20":{"start":{"line":21,"column":0},"end":{"line":21,"column":5}},"21":{"start":{"line":22,"column":0},"end":{"line":22,"column":3}},"22":{"start":{"line":23,"column":0},"end":{"line":23,"column":28}},"23":{"start":{"line":24,"column":0},"end":{"line":24,"column":1}}},"s":{"0":1,"1":1,"2":1,"3":1,"4":1,"5":1,"6":1,"7":7,"8":7,"9":7,"10":7,"11":7,"12":5,"13":7,"14":7,"15":3,"16":1,"17":1,"18":2,"19":2,"20":2,"21":7,"22":2,"23":2},"branchMap":{"0":{"type":"branch","line":7,"loc":{"start":{"line":7,"column":7},"end":{"line":24,"column":1}},"locations":[{"start":{"line":7,"column":7},"end":{"line":24,"column":1}}]},"1":{"type":"branch","line":12,"loc":{"start":{"line":12,"column":26},"end":{"line":12,"column":72}},"locations":[{"start":{"line":12,"column":26},"end":{"line":12,"column":72}}]},"2":{"type":"branch","line":13,"loc":{"start":{"line":13,"column":-2},"end":{"line":14,"column":74}},"locations":[{"start":{"line":13,"column":-2},"end":{"line":14,"column":74}}]},"3":{"type":"branch","line":15,"loc":{"start":{"line":15,"column":62},"end":{"line":21,"column":5}},"locations":[{"start":{"line":15,"column":62},"end":{"line":21,"column":5}}]},"4":{"type":"branch","line":16,"loc":{"start":{"line":16,"column":39},"end":{"line":18,"column":7}},"locations":[{"start":{"line":16,"column":39},"end":{"line":18,"column":7}}]},"5":{"type":"branch","line":18,"loc":{"start":{"line":18,"column":6},"end":{"line":21,"column":5}},"locations":[{"start":{"line":18,"column":6},"end":{"line":21,"column":5}}]},"6":{"type":"branch","line":22,"loc":{"start":{"line":22,"column":2},"end":{"line":24,"column":1}},"locations":[{"start":{"line":22,"column":2},"end":{"line":24,"column":1}}]}},"b":{"0":[7],"1":[2],"2":[5],"3":[3],"4":[1],"5":[2],"6":[2]},"fnMap":{"0":{"name":"validarCupom","decl":{"start":{"line":7,"column":7},"end":{"line":24,"column":1}},"loc":{"start":{"line":7,"column":7},"end":{"line":24,"column":1}},"line":7}},"f":{"0":7}}
}
