TN:
SF:src\utils\controleParquinho.ts
FN:12,controleParquinho
FNF:1
FNH:1
FNDA:3,controleParquinho
DA:1,1
DA:2,1
DA:3,1
DA:4,1
DA:5,1
DA:6,1
DA:7,1
DA:8,1
DA:9,1
DA:10,1
DA:11,1
DA:12,1
DA:13,3
DA:14,3
DA:15,3
DA:16,3
DA:17,3
DA:18,5
DA:19,5
DA:20,1
DA:21,3
DA:22,4
DA:23,2
DA:24,2
DA:25,2
DA:26,2
DA:27,4
DA:28,1
DA:29,1
DA:30,1
LF:30
LH:30
BRDA:12,0,0,3
BRDA:16,1,0,1
BRDA:17,2,0,2
BRDA:17,3,0,5
BRDA:18,4,0,1
BRDA:19,5,0,1
BRDA:21,6,0,4
BRDA:22,7,0,3
BRDA:22,8,0,2
BRDA:27,9,0,1
BRF:10
BRH:10
end_of_record
